{"C:\\Users\\KIIT\\publication-system\\publication-system\\index.js": {"path":"C:\\Users\\KIIT\\publication-system\\publication-system\\index.js","statementMap":{"0":{"start":{"line":1,"column":0},"end":{"line":1,"column":27}},"1":{"start":{"line":2,"column":16},"end":{"line":2,"column":34}},"2":{"start":{"line":3,"column":17},"end":{"line":3,"column":36}},"3":{"start":{"line":4,"column":13},"end":{"line":4,"column":28}},"4":{"start":{"line":7,"column":12},"end":{"line":7,"column":21}},"5":{"start":{"line":10,"column":0},"end":{"line":10,"column":16}},"6":{"start":{"line":11,"column":0},"end":{"line":11,"column":24}},"7":{"start":{"line":14,"column":27},"end":{"line":14,"column":59}},"8":{"start":{"line":17,"column":0},"end":{"line":17,"column":45}},"9":{"start":{"line":20,"column":13},"end":{"line":20,"column":37}},"10":{"start":{"line":21,"column":0},"end":{"line":27,"column":69}},"11":{"start":{"line":24,"column":4},"end":{"line":24,"column":42}},"12":{"start":{"line":25,"column":4},"end":{"line":25,"column":80}},"13":{"start":{"line":25,"column":27},"end":{"line":25,"column":78}},"14":{"start":{"line":27,"column":18},"end":{"line":27,"column":67}},"15":{"start":{"line":30,"column":0},"end":{"line":33,"column":3}},"16":{"start":{"line":31,"column":17},"end":{"line":31,"column":41}},"17":{"start":{"line":32,"column":4},"end":{"line":32,"column":80}},"18":{"start":{"line":32,"column":27},"end":{"line":32,"column":78}},"19":{"start":{"line":35,"column":2},"end":{"line":35,"column":23}},"20":{"start":{"line":38,"column":0},"end":{"line":40,"column":3}},"21":{"start":{"line":39,"column":2},"end":{"line":39,"column":49}}},"fnMap":{"0":{"name":"(anonymous_0)","decl":{"start":{"line":23,"column":8},"end":{"line":23,"column":9}},"loc":{"start":{"line":23,"column":14},"end":{"line":26,"column":3}},"line":23},"1":{"name":"(anonymous_1)","decl":{"start":{"line":25,"column":21},"end":{"line":25,"column":22}},"loc":{"start":{"line":25,"column":27},"end":{"line":25,"column":78}},"line":25},"2":{"name":"(anonymous_2)","decl":{"start":{"line":27,"column":9},"end":{"line":27,"column":10}},"loc":{"start":{"line":27,"column":18},"end":{"line":27,"column":67}},"line":27},"3":{"name":"(anonymous_3)","decl":{"start":{"line":32,"column":21},"end":{"line":32,"column":22}},"loc":{"start":{"line":32,"column":27},"end":{"line":32,"column":78}},"line":32},"4":{"name":"(anonymous_4)","decl":{"start":{"line":38,"column":13},"end":{"line":38,"column":14}},"loc":{"start":{"line":38,"column":27},"end":{"line":40,"column":1}},"line":38}},"branchMap":{"0":{"loc":{"start":{"line":20,"column":13},"end":{"line":20,"column":37}},"type":"binary-expr","locations":[{"start":{"line":20,"column":13},"end":{"line":20,"column":29}},{"start":{"line":20,"column":33},"end":{"line":20,"column":37}}],"line":20},"1":{"loc":{"start":{"line":30,"column":0},"end":{"line":33,"column":3}},"type":"if","locations":[{"start":{"line":30,"column":0},"end":{"line":33,"column":3}},{"start":{},"end":{}}],"line":30},"2":{"loc":{"start":{"line":31,"column":17},"end":{"line":31,"column":41}},"type":"binary-expr","locations":[{"start":{"line":31,"column":17},"end":{"line":31,"column":33}},{"start":{"line":31,"column":37},"end":{"line":31,"column":41}}],"line":31}},"s":{"0":1,"1":1,"2":1,"3":1,"4":1,"5":1,"6":1,"7":1,"8":1,"9":1,"10":1,"11":1,"12":1,"13":0,"14":0,"15":1,"16":0,"17":0,"18":0,"19":1,"20":1,"21":0},"f":{"0":1,"1":0,"2":0,"3":0,"4":0},"b":{"0":[1,0],"1":[0,1],"2":[0,0]},"_coverageSchema":"1a1c01bbd47fc00a2c39e90264f33305004495a9","hash":"7c3f9eca01265ad5fd0ceaa286284815cf62493e"}
,"C:\\Users\\KIIT\\publication-system\\publication-system\\models\\Publication.js": {"path":"C:\\Users\\KIIT\\publication-system\\publication-system\\models\\Publication.js","statementMap":{"0":{"start":{"line":1,"column":17},"end":{"line":1,"column":36}},"1":{"start":{"line":3,"column":26},"end":{"line":15,"column":2}},"2":{"start":{"line":17,"column":0},"end":{"line":17,"column":66}}},"fnMap":{},"branchMap":{},"s":{"0":1,"1":1,"2":1},"f":{},"b":{},"_coverageSchema":"1a1c01bbd47fc00a2c39e90264f33305004495a9","hash":"a1ed225ad9e7f6607d103d6cb13509c30fa8ab49"}
,"C:\\Users\\KIIT\\publication-system\\publication-system\\routes\\publications.js": {"path":"C:\\Users\\KIIT\\publication-system\\publication-system\\routes\\publications.js","statementMap":{"0":{"start":{"line":1,"column":16},"end":{"line":1,"column":34}},"1":{"start":{"line":2,"column":15},"end":{"line":2,"column":31}},"2":{"start":{"line":3,"column":20},"end":{"line":3,"column":52}},"3":{"start":{"line":6,"column":0},"end":{"line":34,"column":3}},"4":{"start":{"line":7,"column":2},"end":{"line":33,"column":3}},"5":{"start":{"line":8,"column":25},"end":{"line":8,"column":33}},"6":{"start":{"line":10,"column":4},"end":{"line":18,"column":5}},"7":{"start":{"line":12,"column":6},"end":{"line":12,"column":70}},"8":{"start":{"line":14,"column":29},"end":{"line":14,"column":54}},"9":{"start":{"line":15,"column":31},"end":{"line":15,"column":58}},"10":{"start":{"line":16,"column":6},"end":{"line":16,"column":71}},"11":{"start":{"line":17,"column":6},"end":{"line":17,"column":52}},"12":{"start":{"line":21,"column":4},"end":{"line":21,"column":81}},"13":{"start":{"line":22,"column":30},"end":{"line":22,"column":72}},"14":{"start":{"line":23,"column":4},"end":{"line":23,"column":71}},"15":{"start":{"line":24,"column":4},"end":{"line":24,"column":51}},"16":{"start":{"line":26,"column":4},"end":{"line":26,"column":55}},"17":{"start":{"line":28,"column":4},"end":{"line":32,"column":5}},"18":{"start":{"line":29,"column":6},"end":{"line":29,"column":80}},"19":{"start":{"line":31,"column":6},"end":{"line":31,"column":91}},"20":{"start":{"line":37,"column":0},"end":{"line":68,"column":3}},"21":{"start":{"line":38,"column":2},"end":{"line":67,"column":3}},"22":{"start":{"line":39,"column":4},"end":{"line":39,"column":64}},"23":{"start":{"line":40,"column":106},"end":{"line":40,"column":115}},"24":{"start":{"line":41,"column":20},"end":{"line":41,"column":22}},"25":{"start":{"line":44,"column":4},"end":{"line":44,"column":46}},"26":{"start":{"line":44,"column":18},"end":{"line":44,"column":46}},"27":{"start":{"line":45,"column":4},"end":{"line":45,"column":63}},"28":{"start":{"line":45,"column":20},"end":{"line":45,"column":63}},"29":{"start":{"line":46,"column":4},"end":{"line":46,"column":76}},"30":{"start":{"line":46,"column":22},"end":{"line":46,"column":76}},"31":{"start":{"line":49,"column":25},"end":{"line":52,"column":27}},"32":{"start":{"line":55,"column":18},"end":{"line":55,"column":59}},"33":{"start":{"line":58,"column":4},"end":{"line":63,"column":7}},"34":{"start":{"line":65,"column":4},"end":{"line":65,"column":55}},"35":{"start":{"line":66,"column":4},"end":{"line":66,"column":89}},"36":{"start":{"line":71,"column":0},"end":{"line":88,"column":3}},"37":{"start":{"line":72,"column":2},"end":{"line":87,"column":3}},"38":{"start":{"line":73,"column":27},"end":{"line":73,"column":37}},"39":{"start":{"line":74,"column":4},"end":{"line":74,"column":68}},"40":{"start":{"line":75,"column":24},"end":{"line":75,"column":54}},"41":{"start":{"line":77,"column":4},"end":{"line":80,"column":5}},"42":{"start":{"line":78,"column":6},"end":{"line":78,"column":94}},"43":{"start":{"line":79,"column":6},"end":{"line":79,"column":74}},"44":{"start":{"line":82,"column":4},"end":{"line":82,"column":84}},"45":{"start":{"line":83,"column":4},"end":{"line":83,"column":52}},"46":{"start":{"line":85,"column":4},"end":{"line":85,"column":61}},"47":{"start":{"line":86,"column":4},"end":{"line":86,"column":84}},"48":{"start":{"line":90,"column":0},"end":{"line":90,"column":24}}},"fnMap":{"0":{"name":"(anonymous_0)","decl":{"start":{"line":6,"column":20},"end":{"line":6,"column":21}},"loc":{"start":{"line":6,"column":40},"end":{"line":34,"column":1}},"line":6},"1":{"name":"(anonymous_1)","decl":{"start":{"line":37,"column":16},"end":{"line":37,"column":17}},"loc":{"start":{"line":37,"column":36},"end":{"line":68,"column":1}},"line":37},"2":{"name":"(anonymous_2)","decl":{"start":{"line":71,"column":36},"end":{"line":71,"column":37}},"loc":{"start":{"line":71,"column":56},"end":{"line":88,"column":1}},"line":71}},"branchMap":{"0":{"loc":{"start":{"line":10,"column":4},"end":{"line":18,"column":5}},"type":"if","locations":[{"start":{"line":10,"column":4},"end":{"line":18,"column":5}},{"start":{},"end":{}}],"line":10},"1":{"loc":{"start":{"line":28,"column":4},"end":{"line":32,"column":5}},"type":"if","locations":[{"start":{"line":28,"column":4},"end":{"line":32,"column":5}},{"start":{"line":30,"column":11},"end":{"line":32,"column":5}}],"line":28},"2":{"loc":{"start":{"line":40,"column":12},"end":{"line":40,"column":20}},"type":"default-arg","locations":[{"start":{"line":40,"column":19},"end":{"line":40,"column":20}}],"line":40},"3":{"loc":{"start":{"line":40,"column":22},"end":{"line":40,"column":32}},"type":"default-arg","locations":[{"start":{"line":40,"column":30},"end":{"line":40,"column":32}}],"line":40},"4":{"loc":{"start":{"line":40,"column":34},"end":{"line":40,"column":50}},"type":"default-arg","locations":[{"start":{"line":40,"column":43},"end":{"line":40,"column":50}}],"line":40},"5":{"loc":{"start":{"line":40,"column":52},"end":{"line":40,"column":65}},"type":"default-arg","locations":[{"start":{"line":40,"column":60},"end":{"line":40,"column":65}}],"line":40},"6":{"loc":{"start":{"line":44,"column":4},"end":{"line":44,"column":46}},"type":"if","locations":[{"start":{"line":44,"column":4},"end":{"line":44,"column":46}},{"start":{},"end":{}}],"line":44},"7":{"loc":{"start":{"line":45,"column":4},"end":{"line":45,"column":63}},"type":"if","locations":[{"start":{"line":45,"column":4},"end":{"line":45,"column":63}},{"start":{},"end":{}}],"line":45},"8":{"loc":{"start":{"line":46,"column":4},"end":{"line":46,"column":76}},"type":"if","locations":[{"start":{"line":46,"column":4},"end":{"line":46,"column":76}},{"start":{},"end":{}}],"line":46},"9":{"loc":{"start":{"line":50,"column":24},"end":{"line":50,"column":48}},"type":"cond-expr","locations":[{"start":{"line":50,"column":42},"end":{"line":50,"column":43}},{"start":{"line":50,"column":46},"end":{"line":50,"column":48}}],"line":50},"10":{"loc":{"start":{"line":77,"column":4},"end":{"line":80,"column":5}},"type":"if","locations":[{"start":{"line":77,"column":4},"end":{"line":80,"column":5}},{"start":{},"end":{}}],"line":77},"11":{"loc":{"start":{"line":77,"column":8},"end":{"line":77,"column":58}},"type":"binary-expr","locations":[{"start":{"line":77,"column":8},"end":{"line":77,"column":20}},{"start":{"line":77,"column":24},"end":{"line":77,"column":58}}],"line":77}},"s":{"0":1,"1":1,"2":1,"3":1,"4":1,"5":1,"6":1,"7":1,"8":1,"9":1,"10":1,"11":1,"12":0,"13":0,"14":0,"15":0,"16":0,"17":0,"18":0,"19":0,"20":1,"21":1,"22":1,"23":1,"24":1,"25":1,"26":0,"27":1,"28":0,"29":1,"30":0,"31":1,"32":1,"33":1,"34":0,"35":0,"36":1,"37":0,"38":0,"39":0,"40":0,"41":0,"42":0,"43":0,"44":0,"45":0,"46":0,"47":0,"48":1},"f":{"0":1,"1":1,"2":0},"b":{"0":[1,0],"1":[0,0],"2":[1],"3":[1],"4":[1],"5":[1],"6":[0,1],"7":[0,1],"8":[0,1],"9":[1,0],"10":[0,0],"11":[0,0]},"_coverageSchema":"1a1c01bbd47fc00a2c39e90264f33305004495a9","hash":"d66c75ac94bc0ca67121e6373689d8251e2d3443"}
}
